0 info it worked if it ends with ok
1 verbose cli [ '/usr/bin/nodejs',
1 verbose cli   '/usr/bin/npm',
1 verbose cli   'install',
1 verbose cli   '--save',
1 verbose cli   'leaflet' ]
2 info using npm@3.5.2
3 info using node@v4.2.6
4 silly loadCurrentTree Starting
5 silly install loadCurrentTree
6 silly install readLocalPackageData
7 silly fetchPackageMetaData leaflet
8 silly fetchNamedPackageData leaflet
9 silly mapToRegistry name leaflet
10 silly mapToRegistry using default registry
11 silly mapToRegistry registry https://registry.npmjs.org/
12 silly mapToRegistry uri https://registry.npmjs.org/leaflet
13 verbose request uri https://registry.npmjs.org/leaflet
14 verbose request no auth needed
15 info attempt registry request try #1 at 5:19:56 PM
16 verbose request id 3b335ca4ec9de25c
17 http request GET https://registry.npmjs.org/leaflet
18 http 200 https://registry.npmjs.org/leaflet
19 verbose headers { date: 'Tue, 19 Nov 2019 16:19:56 GMT',
19 verbose headers   'content-type': 'application/json',
19 verbose headers   'transfer-encoding': 'chunked',
19 verbose headers   connection: 'keep-alive',
19 verbose headers   'set-cookie': [ '__cfduid=de6d73e2135b06da75236b494a13420941574180396; expires=Wed, 18-Nov-20 16:19:56 GMT; path=/; domain=.npmjs.org; HttpOnly' ],
19 verbose headers   'cf-cache-status': 'HIT',
19 verbose headers   'cache-control': 'max-age=300',
19 verbose headers   'cf-ray': '538382373a37d775-MRS',
19 verbose headers   etag: 'W/"e1aa6ddc7918b4e6e0381bbd72e184d3"',
19 verbose headers   'expect-ct': 'max-age=604800, report-uri="https://report-uri.cloudflare.com/cdn-cgi/beacon/expect-ct"',
19 verbose headers   'last-modified': 'Sun, 17 Nov 2019 21:07:19 GMT',
19 verbose headers   vary: 'accept-encoding, accept',
19 verbose headers   'x-amz-meta-rev': '97-5af4aab56ae0c9e50f28d8ac02b2b1da',
19 verbose headers   server: 'cloudflare',
19 verbose headers   'content-encoding': 'gzip' }
20 silly get cb [ 200,
20 silly get   { date: 'Tue, 19 Nov 2019 16:19:56 GMT',
20 silly get     'content-type': 'application/json',
20 silly get     'transfer-encoding': 'chunked',
20 silly get     connection: 'keep-alive',
20 silly get     'set-cookie': [ '__cfduid=de6d73e2135b06da75236b494a13420941574180396; expires=Wed, 18-Nov-20 16:19:56 GMT; path=/; domain=.npmjs.org; HttpOnly' ],
20 silly get     'cf-cache-status': 'HIT',
20 silly get     'cache-control': 'max-age=300',
20 silly get     'cf-ray': '538382373a37d775-MRS',
20 silly get     etag: 'W/"e1aa6ddc7918b4e6e0381bbd72e184d3"',
20 silly get     'expect-ct': 'max-age=604800, report-uri="https://report-uri.cloudflare.com/cdn-cgi/beacon/expect-ct"',
20 silly get     'last-modified': 'Sun, 17 Nov 2019 21:07:19 GMT',
20 silly get     vary: 'accept-encoding, accept',
20 silly get     'x-amz-meta-rev': '97-5af4aab56ae0c9e50f28d8ac02b2b1da',
20 silly get     server: 'cloudflare',
20 silly get     'content-encoding': 'gzip' } ]
21 verbose get saving leaflet to /home/julien/.npm/registry.npmjs.org/leaflet/.cache.json
22 silly install normalizeTree
23 silly loadCurrentTree Finishing
24 silly loadIdealTree Starting
25 silly install loadIdealTree
26 silly cloneCurrentTree Starting
27 silly install cloneCurrentTreeToIdealTree
28 silly cloneCurrentTree Finishing
29 silly loadShrinkwrap Starting
30 silly install loadShrinkwrap
31 silly loadShrinkwrap Finishing
32 silly loadAllDepsIntoIdealTree Starting
33 silly install loadAllDepsIntoIdealTree
34 silly resolveWithNewModule leaflet@1.6.0 checking installable status
35 silly cache add args [ 'leaflet', null ]
36 verbose cache add spec leaflet
37 silly cache add parsed spec Result {
37 silly cache add   raw: 'leaflet',
37 silly cache add   scope: null,
37 silly cache add   name: 'leaflet',
37 silly cache add   rawSpec: '',
37 silly cache add   spec: 'latest',
37 silly cache add   type: 'tag' }
38 silly addNamed leaflet@latest
39 verbose addNamed "latest" is being treated as a dist-tag for leaflet
40 info addNameTag [ 'leaflet', 'latest' ]
41 silly mapToRegistry name leaflet
42 silly mapToRegistry using default registry
43 silly mapToRegistry registry https://registry.npmjs.org/
44 silly mapToRegistry uri https://registry.npmjs.org/leaflet
45 verbose addNameTag registry:https://registry.npmjs.org/leaflet not in flight; fetching
46 verbose get https://registry.npmjs.org/leaflet not expired, no request
47 silly addNameTag next cb for leaflet with tag latest
48 silly addNamed leaflet@1.6.0
49 verbose addNamed "1.6.0" is a plain semver version for leaflet
50 silly mapToRegistry name leaflet
51 silly mapToRegistry using default registry
52 silly mapToRegistry registry https://registry.npmjs.org/
53 silly mapToRegistry uri https://registry.npmjs.org/leaflet
54 verbose addRemoteTarball https://registry.npmjs.org/leaflet/-/leaflet-1.6.0.tgz not in flight; adding
55 verbose addRemoteTarball [ 'https://registry.npmjs.org/leaflet/-/leaflet-1.6.0.tgz',
55 verbose addRemoteTarball   'aecbb044b949ec29469eeb31c77a88e2f448f308' ]
56 info retry fetch attempt 1 at 5:19:57 PM
57 info attempt registry request try #1 at 5:19:57 PM
58 http fetch GET https://registry.npmjs.org/leaflet/-/leaflet-1.6.0.tgz
59 http fetch 200 https://registry.npmjs.org/leaflet/-/leaflet-1.6.0.tgz
60 warn retry will retry, error on last attempt: Error: ENOSPC: no space left on device, write
61 silly fetchAndShaCheck shasum aecbb044b949ec29469eeb31c77a88e2f448f308
62 warn retry will retry, error on last attempt: Error: ENOENT: no such file or directory, rename '/tmp/npm-30844-a98f08c8/registry.npmjs.org/leaflet/-/leaflet-1.6.0.tgz.3400771716' -> '/tmp/npm-30844-a98f08c8/registry.npmjs.org/leaflet/-/leaflet-1.6.0.tgz'
63 silly rollbackFailedOptional Starting
64 silly rollbackFailedOptional Finishing
65 silly runTopLevelLifecycles Starting
66 silly runTopLevelLifecycles Finishing
67 silly install printInstalled
68 verbose stack Error: ENOENT: no such file or directory, open '/tmp/npm-30844-a98f08c8/registry.npmjs.org/leaflet/-/leaflet-1.6.0.tgz' while getting shasum for /tmp/npm-30844-a98f08c8/registry.npmjs.org/leaflet/-/leaflet-1.6.0.tgz
68 verbose stack From:     https://registry.npmjs.org/leaflet/-/leaflet-1.6.0.tgz
68 verbose stack     at Error (native)
69 verbose cwd /home/julien/meteor-task-creator
70 error Linux 3.14.0
71 error argv "/usr/bin/nodejs" "/usr/bin/npm" "install" "--save" "leaflet"
72 error node v4.2.6
73 error npm  v3.5.2
74 error path /tmp/npm-30844-a98f08c8/registry.npmjs.org/leaflet/-/leaflet-1.6.0.tgz
75 error code ENOENT
76 error errno -2
77 error syscall open
78 error enoent ENOENT: no such file or directory, open '/tmp/npm-30844-a98f08c8/registry.npmjs.org/leaflet/-/leaflet-1.6.0.tgz' while getting shasum for /tmp/npm-30844-a98f08c8/registry.npmjs.org/leaflet/-/leaflet-1.6.0.tgz
78 error enoent From:     https://registry.npmjs.org/leaflet/-/leaflet-1.6.0.tgz
79 error enoent ENOENT: no such file or directory, open '/tmp/npm-30844-a98f08c8/registry.npmjs.org/leaflet/-/leaflet-1.6.0.tgz' while getting shasum for /tmp/npm-30844-a98f08c8/registry.npmjs.org/leaflet/-/leaflet-1.6.0.tgz
79 error enoent From:     https://registry.npmjs.org/leaflet/-/leaflet-1.6.0.tgz
79 error enoent This is most likely not a problem with npm itself
79 error enoent and is related to npm not being able to find a file.
80 verbose exit [ -2, true ]
